# JRE version: OpenJDK Runtime Environment (8.0_152-b01) (build 1.8.0_152-release-1343-b01)
# Java VM: OpenJDK 64-Bit Server VM (25.152-b01 mixed mode windows-amd64 compressed oops)
Heap:
 PSYoungGen      total 158720K, used 126349K [0x00000000e0000000, 0x00000000ec580000, 0x0000000100000000)
  eden space 131584K, 75% used [0x00000000e0000000,0x00000000e613f6b8,0x00000000e8080000)
  from space 27136K, 98% used [0x00000000e8400000,0x00000000e9e23f48,0x00000000e9e80000)
  to   space 35328K, 0% used [0x00000000ea300000,0x00000000ea300000,0x00000000ec580000)
 ParOldGen       total 152576K, used 43171K [0x00000000a0000000, 0x00000000a9500000, 0x00000000e0000000)
  object space 152576K, 28% used [0x00000000a0000000,0x00000000a2a28ce8,0x00000000a9500000)
 Metaspace       used 91507K, capacity 95178K, committed 95384K, reserved 1132544K
  class space    used 11688K, capacity 12406K, committed 12448K, reserved 1048576K
GC Heap History (10 events):
Event: 760.780 GC heap before
{Heap before GC invocations=18 (full 3):
 PSYoungGen      total 167936K, used 167928K [0x00000000e0000000, 0x00000000ebf80000, 0x0000000100000000)
  eden space 150528K, 100% used [0x00000000e0000000,0x00000000e9300000,0x00000000e9300000)
  from space 17408K, 99% used [0x00000000ea800000,0x00000000eb8fe2e0,0x00000000eb900000)
  to   space 21504K, 0% used [0x00000000e9300000,0x00000000e9300000,0x00000000ea800000)
 ParOldGen       total 152576K, used 33632K [0x00000000a0000000, 0x00000000a9500000, 0x00000000e0000000)
  object space 152576K, 22% used [0x00000000a0000000,0x00000000a20d8378,0x00000000a9500000)
 Metaspace       used 83299K, capacity 86582K, committed 86808K, reserved 1124352K
  class space    used 11076K, capacity 11712K, committed 11808K, reserved 1048576K
Event: 760.799 GC heap after
Heap after GC invocations=18 (full 3):
 PSYoungGen      total 167936K, used 21503K [0x00000000e0000000, 0x00000000ec100000, 0x0000000100000000)
  eden space 146432K, 0% used [0x00000000e0000000,0x00000000e0000000,0x00000000e8f00000)
  from space 21504K, 99% used [0x00000000e9300000,0x00000000ea7fff70,0x00000000ea800000)
  to   space 25600K, 0% used [0x00000000ea800000,0x00000000ea800000,0x00000000ec100000)
 ParOldGen       total 152576K, used 36139K [0x00000000a0000000, 0x00000000a9500000, 0x00000000e0000000)
  object space 152576K, 23% used [0x00000000a0000000,0x00000000a234af60,0x00000000a9500000)
 Metaspace       used 83299K, capacity 86582K, committed 86808K, reserved 1124352K
  class space    used 11076K, capacity 11712K, committed 11808K, reserved 1048576K
}
Event: 764.578 GC heap before
{Heap before GC invocations=19 (full 3):
 PSYoungGen      total 167936K, used 167935K [0x00000000e0000000, 0x00000000ec100000, 0x0000000100000000)
  eden space 146432K, 100% used [0x00000000e0000000,0x00000000e8f00000,0x00000000e8f00000)
  from space 21504K, 99% used [0x00000000e9300000,0x00000000ea7fff70,0x00000000ea800000)
  to   space 25600K, 0% used [0x00000000ea800000,0x00000000ea800000,0x00000000ec100000)
 ParOldGen       total 152576K, used 36139K [0x00000000a0000000, 0x00000000a9500000, 0x00000000e0000000)
  object space 152576K, 23% used [0x00000000a0000000,0x00000000a234af60,0x00000000a9500000)
 Metaspace       used 84011K, capacity 87300K, committed 87576K, reserved 1124352K
  class space    used 11089K, capacity 11731K, committed 11808K, reserved 1048576K
Event: 764.607 GC heap after
Heap after GC invocations=19 (full 3):
 PSYoungGen      total 168448K, used 23620K [0x00000000e0000000, 0x00000000ec280000, 0x0000000100000000)
  eden space 142848K, 0% used [0x00000000e0000000,0x00000000e0000000,0x00000000e8b80000)
  from space 25600K, 92% used [0x00000000ea800000,0x00000000ebf11380,0x00000000ec100000)
  to   space 28160K, 0% used [0x00000000e8b80000,0x00000000e8b80000,0x00000000ea700000)
 ParOldGen       total 152576K, used 36147K [0x00000000a0000000, 0x00000000a9500000, 0x00000000e0000000)
  object space 152576K, 23% used [0x00000000a0000000,0x00000000a234cf60,0x00000000a9500000)
 Metaspace       used 84011K, capacity 87300K, committed 87576K, reserved 1124352K
  class space    used 11089K, capacity 11731K, committed 11808K, reserved 1048576K
}
Event: 1120.364 GC heap before
{Heap before GC invocations=20 (full 3):
 PSYoungGen      total 168448K, used 166468K [0x00000000e0000000, 0x00000000ec280000, 0x0000000100000000)
  eden space 142848K, 100% used [0x00000000e0000000,0x00000000e8b80000,0x00000000e8b80000)
  from space 25600K, 92% used [0x00000000ea800000,0x00000000ebf11380,0x00000000ec100000)
  to   space 28160K, 0% used [0x00000000e8b80000,0x00000000e8b80000,0x00000000ea700000)
 ParOldGen       total 152576K, used 36147K [0x00000000a0000000, 0x00000000a9500000, 0x00000000e0000000)
  object space 152576K, 23% used [0x00000000a0000000,0x00000000a234cf60,0x00000000a9500000)
 Metaspace       used 85008K, capacity 88606K, committed 88728K, reserved 1126400K
  class space    used 11136K, capacity 11850K, committed 11936K, reserved 1048576K
Event: 1120.376 GC heap after
Heap after GC invocations=20 (full 3):
 PSYoungGen      total 157184K, used 17666K [0x00000000e0000000, 0x00000000ec000000, 0x0000000100000000)
  eden space 139264K, 0% used [0x00000000e0000000,0x00000000e0000000,0x00000000e8800000)
  from space 17920K, 98% used [0x00000000e8b80000,0x00000000e9cc0880,0x00000000e9d00000)
  to   space 28672K, 0% used [0x00000000ea400000,0x00000000ea400000,0x00000000ec000000)
 ParOldGen       total 152576K, used 36155K [0x00000000a0000000, 0x00000000a9500000, 0x00000000e0000000)
  object space 152576K, 23% used [0x00000000a0000000,0x00000000a234ef60,0x00000000a9500000)
 Metaspace       used 85008K, capacity 88606K, committed 88728K, reserved 1126400K
  class space    used 11136K, capacity 11850K, committed 11936K, reserved 1048576K
}
Event: 1180.797 GC heap before
{Heap before GC invocations=21 (full 3):
 PSYoungGen      total 157184K, used 156930K [0x00000000e0000000, 0x00000000ec000000, 0x0000000100000000)
  eden space 139264K, 100% used [0x00000000e0000000,0x00000000e8800000,0x00000000e8800000)
  from space 17920K, 98% used [0x00000000e8b80000,0x00000000e9cc0880,0x00000000e9d00000)
  to   space 28672K, 0% used [0x00000000ea400000,0x00000000ea400000,0x00000000ec000000)
 ParOldGen       total 152576K, used 36155K [0x00000000a0000000, 0x00000000a9500000, 0x00000000e0000000)
  object space 152576K, 23% used [0x00000000a0000000,0x00000000a234ef60,0x00000000a9500000)
 Metaspace       used 86378K, capacity 90010K, committed 90136K, reserved 1128448K
  class space    used 11249K, capacity 11960K, committed 12064K, reserved 1048576K
Event: 1180.814 GC heap after
Heap after GC invocations=21 (full 3):
 PSYoungGen      total 163840K, used 28665K [0x00000000e0000000, 0x00000000ec480000, 0x0000000100000000)
  eden space 135168K, 0% used [0x00000000e0000000,0x00000000e0000000,0x00000000e8400000)
  from space 28672K, 99% used [0x00000000ea400000,0x00000000ebffe580,0x00000000ec000000)
  to   space 32768K, 0% used [0x00000000e8400000,0x00000000e8400000,0x00000000ea400000)
 ParOldGen       total 152576K, used 36548K [0x00000000a0000000, 0x00000000a9500000, 0x00000000e0000000)
  object space 152576K, 23% used [0x00000000a0000000,0x00000000a23b1188,0x00000000a9500000)
 Metaspace       used 86378K, capacity 90010K, committed 90136K, reserved 1128448K
  class space    used 11249K, capacity 11960K, committed 12064K, reserved 1048576K
}
Event: 1189.804 GC heap before
{Heap before GC invocations=22 (full 3):
 PSYoungGen      total 163840K, used 160913K [0x00000000e0000000, 0x00000000ec480000, 0x0000000100000000)
  eden space 135168K, 97% used [0x00000000e0000000,0x00000000e8126168,0x00000000e8400000)
  from space 28672K, 99% used [0x00000000ea400000,0x00000000ebffe580,0x00000000ec000000)
  to   space 32768K, 0% used [0x00000000e8400000,0x00000000e8400000,0x00000000ea400000)
 ParOldGen       total 152576K, used 36548K [0x00000000a0000000, 0x00000000a9500000, 0x00000000e0000000)
  object space 152576K, 23% used [0x00000000a0000000,0x00000000a23b1188,0x00000000a9500000)
 Metaspace       used 90342K, capacity 93964K, committed 94104K, reserved 1130496K
  class space    used 11635K, capacity 12357K, committed 12448K, reserved 1048576K
Event: 1189.833 GC heap after
Heap after GC invocations=22 (full 3):
 PSYoungGen      total 158720K, used 26767K [0x00000000e0000000, 0x00000000ec580000, 0x0000000100000000)
  eden space 131584K, 0% used [0x00000000e0000000,0x00000000e0000000,0x00000000e8080000)
  from space 27136K, 98% used [0x00000000e8400000,0x00000000e9e23f48,0x00000000e9e80000)
  to   space 35328K, 0% used [0x00000000ea300000,0x00000000ea300000,0x00000000ec580000)
 ParOldGen       total 152576K, used 43171K [0x00000000a0000000, 0x00000000a9500000, 0x00000000e0000000)
  object space 152576K, 28% used [0x00000000a0000000,0x00000000a2a28ce8,0x00000000a9500000)
 Metaspace       used 90342K, capacity 93964K, committed 94104K, reserved 1130496K
  class space    used 11635K, capacity 12357K, committed 12448K, reserved 1048576K
}

