# JRE version: OpenJDK Runtime Environment (8.0_152-b01) (build 1.8.0_152-release-1343-b01)
# Java VM: OpenJDK 64-Bit Server VM (25.152-b01 mixed mode windows-amd64 compressed oops)
Heap:
 PSYoungGen      total 224256K, used 206100K [0x00000000e0000000, 0x00000000ef400000, 0x0000000100000000)
  eden space 206848K, 92% used [0x00000000e0000000,0x00000000ebba41a8,0x00000000eca00000)
  from space 17408K, 80% used [0x00000000ee300000,0x00000000ef0a1170,0x00000000ef400000)
  to   space 21504K, 0% used [0x00000000eca00000,0x00000000eca00000,0x00000000edf00000)
 ParOldGen       total 107520K, used 50189K [0x00000000a0000000, 0x00000000a6900000, 0x00000000e0000000)
  object space 107520K, 46% used [0x00000000a0000000,0x00000000a31036e8,0x00000000a6900000)
 Metaspace       used 85299K, capacity 88676K, committed 88856K, reserved 1126400K
  class space    used 11091K, capacity 11761K, committed 11808K, reserved 1048576K
GC Heap History (10 events):
Event: 8.775 GC heap before
{Heap before GC invocations=17 (full 3):
 PSYoungGen      total 167424K, used 7176K [0x00000000e0000000, 0x00000000eb080000, 0x0000000100000000)
  eden space 155136K, 0% used [0x00000000e0000000,0x00000000e0000000,0x00000000e9780000)
  from space 12288K, 58% used [0x00000000ea480000,0x00000000eab82048,0x00000000eb080000)
  to   space 12800K, 0% used [0x00000000e9780000,0x00000000e9780000,0x00000000ea400000)
 ParOldGen       total 73728K, used 24249K [0x00000000a0000000, 0x00000000a4800000, 0x00000000e0000000)
  object space 73728K, 32% used [0x00000000a0000000,0x00000000a17ae5f0,0x00000000a4800000)
 Metaspace       used 57608K, capacity 59058K, committed 59160K, reserved 1099776K
  class space    used 7794K, capacity 8134K, committed 8224K, reserved 1048576K
Event: 9.214 GC heap after
Heap after GC invocations=17 (full 3):
 PSYoungGen      total 167424K, used 0K [0x00000000e0000000, 0x00000000eb080000, 0x0000000100000000)
  eden space 155136K, 0% used [0x00000000e0000000,0x00000000e0000000,0x00000000e9780000)
  from space 12288K, 0% used [0x00000000ea480000,0x00000000ea480000,0x00000000eb080000)
  to   space 12800K, 0% used [0x00000000e9780000,0x00000000e9780000,0x00000000ea400000)
 ParOldGen       total 107520K, used 30445K [0x00000000a0000000, 0x00000000a6900000, 0x00000000e0000000)
  object space 107520K, 28% used [0x00000000a0000000,0x00000000a1dbb5f0,0x00000000a6900000)
 Metaspace       used 57608K, capacity 59058K, committed 59160K, reserved 1099776K
  class space    used 7794K, capacity 8134K, committed 8224K, reserved 1048576K
}
Event: 13.656 GC heap before
{Heap before GC invocations=18 (full 3):
 PSYoungGen      total 167424K, used 155136K [0x00000000e0000000, 0x00000000eb080000, 0x0000000100000000)
  eden space 155136K, 100% used [0x00000000e0000000,0x00000000e9780000,0x00000000e9780000)
  from space 12288K, 0% used [0x00000000ea480000,0x00000000ea480000,0x00000000eb080000)
  to   space 12800K, 0% used [0x00000000e9780000,0x00000000e9780000,0x00000000ea400000)
 ParOldGen       total 107520K, used 30445K [0x00000000a0000000, 0x00000000a6900000, 0x00000000e0000000)
  object space 107520K, 28% used [0x00000000a0000000,0x00000000a1dbb5f0,0x00000000a6900000)
 Metaspace       used 61177K, capacity 63138K, committed 63256K, reserved 1103872K
  class space    used 8280K, capacity 8728K, committed 8736K, reserved 1048576K
Event: 13.664 GC heap after
Heap after GC invocations=18 (full 3):
 PSYoungGen      total 167936K, used 12436K [0x00000000e0000000, 0x00000000eda80000, 0x0000000100000000)
  eden space 155136K, 0% used [0x00000000e0000000,0x00000000e0000000,0x00000000e9780000)
  from space 12800K, 97% used [0x00000000e9780000,0x00000000ea3a5098,0x00000000ea400000)
  to   space 14336K, 0% used [0x00000000ecc80000,0x00000000ecc80000,0x00000000eda80000)
 ParOldGen       total 107520K, used 30453K [0x00000000a0000000, 0x00000000a6900000, 0x00000000e0000000)
  object space 107520K, 28% used [0x00000000a0000000,0x00000000a1dbd5f0,0x00000000a6900000)
 Metaspace       used 61177K, capacity 63138K, committed 63256K, reserved 1103872K
  class space    used 8280K, capacity 8728K, committed 8736K, reserved 1048576K
}
Event: 206.402 GC heap before
{Heap before GC invocations=19 (full 3):
 PSYoungGen      total 167936K, used 167571K [0x00000000e0000000, 0x00000000eda80000, 0x0000000100000000)
  eden space 155136K, 99% used [0x00000000e0000000,0x00000000e977fe38,0x00000000e9780000)
  from space 12800K, 97% used [0x00000000e9780000,0x00000000ea3a5098,0x00000000ea400000)
  to   space 14336K, 0% used [0x00000000ecc80000,0x00000000ecc80000,0x00000000eda80000)
 ParOldGen       total 107520K, used 30453K [0x00000000a0000000, 0x00000000a6900000, 0x00000000e0000000)
  object space 107520K, 28% used [0x00000000a0000000,0x00000000a1dbd5f0,0x00000000a6900000)
 Metaspace       used 69188K, capacity 71466K, committed 71704K, reserved 1112064K
  class space    used 9215K, capacity 9666K, committed 9760K, reserved 1048576K
Event: 206.417 GC heap after
Heap after GC invocations=19 (full 3):
 PSYoungGen      total 202752K, used 14331K [0x00000000e0000000, 0x00000000edd00000, 0x0000000100000000)
  eden space 188416K, 0% used [0x00000000e0000000,0x00000000e0000000,0x00000000eb800000)
  from space 14336K, 99% used [0x00000000ecc80000,0x00000000eda7ecd0,0x00000000eda80000)
  to   space 18944K, 0% used [0x00000000eb800000,0x00000000eb800000,0x00000000eca80000)
 ParOldGen       total 107520K, used 37546K [0x00000000a0000000, 0x00000000a6900000, 0x00000000e0000000)
  object space 107520K, 34% used [0x00000000a0000000,0x00000000a24aaa48,0x00000000a6900000)
 Metaspace       used 69188K, capacity 71466K, committed 71704K, reserved 1112064K
  class space    used 9215K, capacity 9666K, committed 9760K, reserved 1048576K
}
Event: 3081.528 GC heap before
{Heap before GC invocations=20 (full 3):
 PSYoungGen      total 202752K, used 202747K [0x00000000e0000000, 0x00000000edd00000, 0x0000000100000000)
  eden space 188416K, 100% used [0x00000000e0000000,0x00000000eb800000,0x00000000eb800000)
  from space 14336K, 99% used [0x00000000ecc80000,0x00000000eda7ecd0,0x00000000eda80000)
  to   space 18944K, 0% used [0x00000000eb800000,0x00000000eb800000,0x00000000eca80000)
 ParOldGen       total 107520K, used 37546K [0x00000000a0000000, 0x00000000a6900000, 0x00000000e0000000)
  object space 107520K, 34% used [0x00000000a0000000,0x00000000a24aaa48,0x00000000a6900000)
 Metaspace       used 83478K, capacity 86724K, committed 86936K, reserved 1124352K
  class space    used 11019K, capacity 11643K, committed 11680K, reserved 1048576K
Event: 3081.607 GC heap after
Heap after GC invocations=20 (full 3):
 PSYoungGen      total 207360K, used 18350K [0x00000000e0000000, 0x00000000ef800000, 0x0000000100000000)
  eden space 188416K, 0% used [0x00000000e0000000,0x00000000e0000000,0x00000000eb800000)
  from space 18944K, 96% used [0x00000000eb800000,0x00000000ec9eb948,0x00000000eca80000)
  to   space 21504K, 0% used [0x00000000ee300000,0x00000000ee300000,0x00000000ef800000)
 ParOldGen       total 107520K, used 50181K [0x00000000a0000000, 0x00000000a6900000, 0x00000000e0000000)
  object space 107520K, 46% used [0x00000000a0000000,0x00000000a31016e8,0x00000000a6900000)
 Metaspace       used 83478K, capacity 86724K, committed 86936K, reserved 1124352K
  class space    used 11019K, capacity 11643K, committed 11680K, reserved 1048576K
}
Event: 3448.898 GC heap before
{Heap before GC invocations=21 (full 3):
 PSYoungGen      total 207360K, used 206766K [0x00000000e0000000, 0x00000000ef800000, 0x0000000100000000)
  eden space 188416K, 100% used [0x00000000e0000000,0x00000000eb800000,0x00000000eb800000)
  from space 18944K, 96% used [0x00000000eb800000,0x00000000ec9eb948,0x00000000eca80000)
  to   space 21504K, 0% used [0x00000000ee300000,0x00000000ee300000,0x00000000ef800000)
 ParOldGen       total 107520K, used 50181K [0x00000000a0000000, 0x00000000a6900000, 0x00000000e0000000)
  object space 107520K, 46% used [0x00000000a0000000,0x00000000a31016e8,0x00000000a6900000)
 Metaspace       used 84748K, capacity 88112K, committed 88344K, reserved 1126400K
  class space    used 11082K, capacity 11745K, committed 11808K, reserved 1048576K
Event: 3448.916 GC heap after
Heap after GC invocations=21 (full 3):
 PSYoungGen      total 224256K, used 13956K [0x00000000e0000000, 0x00000000ef400000, 0x0000000100000000)
  eden space 206848K, 0% used [0x00000000e0000000,0x00000000e0000000,0x00000000eca00000)
  from space 17408K, 80% used [0x00000000ee300000,0x00000000ef0a1170,0x00000000ef400000)
  to   space 21504K, 0% used [0x00000000eca00000,0x00000000eca00000,0x00000000edf00000)
 ParOldGen       total 107520K, used 50189K [0x00000000a0000000, 0x00000000a6900000, 0x00000000e0000000)
  object space 107520K, 46% used [0x00000000a0000000,0x00000000a31036e8,0x00000000a6900000)
 Metaspace       used 84748K, capacity 88112K, committed 88344K, reserved 1126400K
  class space    used 11082K, capacity 11745K, committed 11808K, reserved 1048576K
}

