# JRE version: OpenJDK Runtime Environment (8.0_152-b01) (build 1.8.0_152-release-1343-b01)
# Java VM: OpenJDK 64-Bit Server VM (25.152-b01 mixed mode windows-amd64 compressed oops)
Heap:
 PSYoungGen      total 233984K, used 70500K [0x00000000e0000000, 0x00000000eef80000, 0x0000000100000000)
  eden space 222720K, 30% used [0x00000000e0000000,0x00000000e431be20,0x00000000ed980000)
  from space 11264K, 15% used [0x00000000ed980000,0x00000000edb3d3b0,0x00000000ee480000)
  to   space 7168K, 0% used [0x00000000ee880000,0x00000000ee880000,0x00000000eef80000)
 ParOldGen       total 77312K, used 20498K [0x00000000a0000000, 0x00000000a4b80000, 0x00000000e0000000)
  object space 77312K, 26% used [0x00000000a0000000,0x00000000a14048c8,0x00000000a4b80000)
 Metaspace       used 44913K, capacity 45882K, committed 46208K, reserved 1089536K
  class space    used 5727K, capacity 5962K, committed 6016K, reserved 1048576K
GC Heap History (10 events):
Event: 50.000 GC heap before
{Heap before GC invocations=17 (full 2):
 PSYoungGen      total 164352K, used 164022K [0x00000000e0000000, 0x00000000eba00000, 0x0000000100000000)
  eden space 154112K, 100% used [0x00000000e0000000,0x00000000e9680000,0x00000000e9680000)
  from space 10240K, 96% used [0x00000000eb000000,0x00000000eb9ad888,0x00000000eba00000)
  to   space 11776K, 0% used [0x00000000ea300000,0x00000000ea300000,0x00000000eae80000)
 ParOldGen       total 77312K, used 14454K [0x00000000a0000000, 0x00000000a4b80000, 0x00000000e0000000)
  object space 77312K, 18% used [0x00000000a0000000,0x00000000a0e1db90,0x00000000a4b80000)
 Metaspace       used 43951K, capacity 44796K, committed 45056K, reserved 1089536K
  class space    used 5631K, capacity 5862K, committed 5888K, reserved 1048576K
Event: 50.020 GC heap after
Heap after GC invocations=17 (full 2):
 PSYoungGen      total 178688K, used 1408K [0x00000000e0000000, 0x00000000ed880000, 0x0000000100000000)
  eden space 166912K, 0% used [0x00000000e0000000,0x00000000e0000000,0x00000000ea300000)
  from space 11776K, 11% used [0x00000000ea300000,0x00000000ea460000,0x00000000eae80000)
  to   space 11776K, 0% used [0x00000000ecd00000,0x00000000ecd00000,0x00000000ed880000)
 ParOldGen       total 77312K, used 20466K [0x00000000a0000000, 0x00000000a4b80000, 0x00000000e0000000)
  object space 77312K, 26% used [0x00000000a0000000,0x00000000a13fc8c8,0x00000000a4b80000)
 Metaspace       used 43951K, capacity 44796K, committed 45056K, reserved 1089536K
  class space    used 5631K, capacity 5862K, committed 5888K, reserved 1048576K
}
Event: 53.401 GC heap before
{Heap before GC invocations=18 (full 2):
 PSYoungGen      total 178688K, used 168320K [0x00000000e0000000, 0x00000000ed880000, 0x0000000100000000)
  eden space 166912K, 100% used [0x00000000e0000000,0x00000000ea300000,0x00000000ea300000)
  from space 11776K, 11% used [0x00000000ea300000,0x00000000ea460000,0x00000000eae80000)
  to   space 11776K, 0% used [0x00000000ecd00000,0x00000000ecd00000,0x00000000ed880000)
 ParOldGen       total 77312K, used 20466K [0x00000000a0000000, 0x00000000a4b80000, 0x00000000e0000000)
  object space 77312K, 26% used [0x00000000a0000000,0x00000000a13fc8c8,0x00000000a4b80000)
 Metaspace       used 44108K, capacity 45000K, committed 45312K, reserved 1089536K
  class space    used 5635K, capacity 5864K, committed 5888K, reserved 1048576K
Event: 53.408 GC heap after
Heap after GC invocations=18 (full 2):
 PSYoungGen      total 209920K, used 1911K [0x00000000e0000000, 0x00000000ee280000, 0x0000000100000000)
  eden space 198144K, 0% used [0x00000000e0000000,0x00000000e0000000,0x00000000ec180000)
  from space 11776K, 16% used [0x00000000ecd00000,0x00000000ecedded0,0x00000000ed880000)
  to   space 11776K, 0% used [0x00000000ec180000,0x00000000ec180000,0x00000000ecd00000)
 ParOldGen       total 77312K, used 20474K [0x00000000a0000000, 0x00000000a4b80000, 0x00000000e0000000)
  object space 77312K, 26% used [0x00000000a0000000,0x00000000a13fe8c8,0x00000000a4b80000)
 Metaspace       used 44108K, capacity 45000K, committed 45312K, reserved 1089536K
  class space    used 5635K, capacity 5864K, committed 5888K, reserved 1048576K
}
Event: 59.266 GC heap before
{Heap before GC invocations=19 (full 2):
 PSYoungGen      total 209920K, used 200055K [0x00000000e0000000, 0x00000000ee280000, 0x0000000100000000)
  eden space 198144K, 100% used [0x00000000e0000000,0x00000000ec180000,0x00000000ec180000)
  from space 11776K, 16% used [0x00000000ecd00000,0x00000000ecedded0,0x00000000ed880000)
  to   space 11776K, 0% used [0x00000000ec180000,0x00000000ec180000,0x00000000ecd00000)
 ParOldGen       total 77312K, used 20474K [0x00000000a0000000, 0x00000000a4b80000, 0x00000000e0000000)
  object space 77312K, 26% used [0x00000000a0000000,0x00000000a13fe8c8,0x00000000a4b80000)
 Metaspace       used 44187K, capacity 45000K, committed 45312K, reserved 1089536K
  class space    used 5635K, capacity 5864K, committed 5888K, reserved 1048576K
Event: 59.271 GC heap after
Heap after GC invocations=19 (full 2):
 PSYoungGen      total 209920K, used 2277K [0x00000000e0000000, 0x00000000ef400000, 0x0000000100000000)
  eden space 198144K, 0% used [0x00000000e0000000,0x00000000e0000000,0x00000000ec180000)
  from space 11776K, 19% used [0x00000000ec180000,0x00000000ec3b95e0,0x00000000ecd00000)
  to   space 11776K, 0% used [0x00000000ee880000,0x00000000ee880000,0x00000000ef400000)
 ParOldGen       total 77312K, used 20482K [0x00000000a0000000, 0x00000000a4b80000, 0x00000000e0000000)
  object space 77312K, 26% used [0x00000000a0000000,0x00000000a14008c8,0x00000000a4b80000)
 Metaspace       used 44187K, capacity 45000K, committed 45312K, reserved 1089536K
  class space    used 5635K, capacity 5864K, committed 5888K, reserved 1048576K
}
Event: 62.408 GC heap before
{Heap before GC invocations=20 (full 2):
 PSYoungGen      total 209920K, used 200421K [0x00000000e0000000, 0x00000000ef400000, 0x0000000100000000)
  eden space 198144K, 100% used [0x00000000e0000000,0x00000000ec180000,0x00000000ec180000)
  from space 11776K, 19% used [0x00000000ec180000,0x00000000ec3b95e0,0x00000000ecd00000)
  to   space 11776K, 0% used [0x00000000ee880000,0x00000000ee880000,0x00000000ef400000)
 ParOldGen       total 77312K, used 20482K [0x00000000a0000000, 0x00000000a4b80000, 0x00000000e0000000)
  object space 77312K, 26% used [0x00000000a0000000,0x00000000a14008c8,0x00000000a4b80000)
 Metaspace       used 44191K, capacity 45064K, committed 45312K, reserved 1089536K
  class space    used 5635K, capacity 5864K, committed 5888K, reserved 1048576K
Event: 62.414 GC heap after
Heap after GC invocations=20 (full 2):
 PSYoungGen      total 229888K, used 2100K [0x00000000e0000000, 0x00000000eef80000, 0x0000000100000000)
  eden space 222720K, 0% used [0x00000000e0000000,0x00000000e0000000,0x00000000ed980000)
  from space 7168K, 29% used [0x00000000ee880000,0x00000000eea8d3b0,0x00000000eef80000)
  to   space 11264K, 0% used [0x00000000ed980000,0x00000000ed980000,0x00000000ee480000)
 ParOldGen       total 77312K, used 20490K [0x00000000a0000000, 0x00000000a4b80000, 0x00000000e0000000)
  object space 77312K, 26% used [0x00000000a0000000,0x00000000a14028c8,0x00000000a4b80000)
 Metaspace       used 44191K, capacity 45064K, committed 45312K, reserved 1089536K
  class space    used 5635K, capacity 5864K, committed 5888K, reserved 1048576K
}
Event: 65.932 GC heap before
{Heap before GC invocations=21 (full 2):
 PSYoungGen      total 229888K, used 224820K [0x00000000e0000000, 0x00000000eef80000, 0x0000000100000000)
  eden space 222720K, 100% used [0x00000000e0000000,0x00000000ed980000,0x00000000ed980000)
  from space 7168K, 29% used [0x00000000ee880000,0x00000000eea8d3b0,0x00000000eef80000)
  to   space 11264K, 0% used [0x00000000ed980000,0x00000000ed980000,0x00000000ee480000)
 ParOldGen       total 77312K, used 20490K [0x00000000a0000000, 0x00000000a4b80000, 0x00000000e0000000)
  object space 77312K, 26% used [0x00000000a0000000,0x00000000a14028c8,0x00000000a4b80000)
 Metaspace       used 44219K, capacity 45064K, committed 45312K, reserved 1089536K
  class space    used 5635K, capacity 5864K, committed 5888K, reserved 1048576K
Event: 65.938 GC heap after
Heap after GC invocations=21 (full 2):
 PSYoungGen      total 233984K, used 1780K [0x00000000e0000000, 0x00000000eef80000, 0x0000000100000000)
  eden space 222720K, 0% used [0x00000000e0000000,0x00000000e0000000,0x00000000ed980000)
  from space 11264K, 15% used [0x00000000ed980000,0x00000000edb3d3b0,0x00000000ee480000)
  to   space 7168K, 0% used [0x00000000ee880000,0x00000000ee880000,0x00000000eef80000)
 ParOldGen       total 77312K, used 20498K [0x00000000a0000000, 0x00000000a4b80000, 0x00000000e0000000)
  object space 77312K, 26% used [0x00000000a0000000,0x00000000a14048c8,0x00000000a4b80000)
 Metaspace       used 44219K, capacity 45064K, committed 45312K, reserved 1089536K
  class space    used 5635K, capacity 5864K, committed 5888K, reserved 1048576K
}

