# JRE version: OpenJDK Runtime Environment (8.0_152-b01) (build 1.8.0_152-release-1343-b01)
# Java VM: OpenJDK 64-Bit Server VM (25.152-b01 mixed mode windows-amd64 compressed oops)
Heap:
 PSYoungGen      total 116224K, used 32K [0x00000000e0000000, 0x00000000e7f00000, 0x0000000100000000)
  eden space 107520K, 0% used [0x00000000e0000000,0x00000000e0000000,0x00000000e6900000)
  from space 8704K, 0% used [0x00000000e7680000,0x00000000e7688000,0x00000000e7f00000)
  to   space 10752K, 0% used [0x00000000e6a00000,0x00000000e6a00000,0x00000000e7480000)
 ParOldGen       total 56320K, used 15087K [0x00000000a0000000, 0x00000000a3700000, 0x00000000e0000000)
  object space 56320K, 26% used [0x00000000a0000000,0x00000000a0ebbd00,0x00000000a3700000)
 Metaspace       used 33875K, capacity 34520K, committed 34608K, reserved 1085440K
  class space    used 4670K, capacity 4879K, committed 4912K, reserved 1048576K
GC Heap History (10 events):
Event: 3.210 GC heap before
{Heap before GC invocations=5 (full 0):
 PSYoungGen      total 38400K, used 38368K [0x00000000e0000000, 0x00000000e4b00000, 0x0000000100000000)
  eden space 33280K, 100% used [0x00000000e0000000,0x00000000e2080000,0x00000000e2080000)
  from space 5120K, 99% used [0x00000000e2580000,0x00000000e2a78020,0x00000000e2a80000)
  to   space 5120K, 0% used [0x00000000e2080000,0x00000000e2080000,0x00000000e2580000)
 ParOldGen       total 87552K, used 5263K [0x00000000a0000000, 0x00000000a5580000, 0x00000000e0000000)
  object space 87552K, 6% used [0x00000000a0000000,0x00000000a0523ec0,0x00000000a5580000)
 Metaspace       used 19549K, capacity 20074K, committed 20224K, reserved 1067008K
  class space    used 2817K, capacity 2995K, committed 3072K, reserved 1048576K
Event: 3.222 GC heap after
Heap after GC invocations=5 (full 0):
 PSYoungGen      total 38400K, used 5104K [0x00000000e0000000, 0x00000000e5600000, 0x0000000100000000)
  eden space 33280K, 0% used [0x00000000e0000000,0x00000000e0000000,0x00000000e2080000)
  from space 5120K, 99% used [0x00000000e2080000,0x00000000e257c040,0x00000000e2580000)
  to   space 10752K, 0% used [0x00000000e4b80000,0x00000000e4b80000,0x00000000e5600000)
 ParOldGen       total 87552K, used 9201K [0x00000000a0000000, 0x00000000a5580000, 0x00000000e0000000)
  object space 87552K, 10% used [0x00000000a0000000,0x00000000a08fc7c0,0x00000000a5580000)
 Metaspace       used 19549K, capacity 20074K, committed 20224K, reserved 1067008K
  class space    used 2817K, capacity 2995K, committed 3072K, reserved 1048576K
}
Event: 3.366 GC heap before
{Heap before GC invocations=6 (full 0):
 PSYoungGen      total 38400K, used 12803K [0x00000000e0000000, 0x00000000e5600000, 0x0000000100000000)
  eden space 33280K, 23% used [0x00000000e0000000,0x00000000e0784d00,0x00000000e2080000)
  from space 5120K, 99% used [0x00000000e2080000,0x00000000e257c040,0x00000000e2580000)
  to   space 10752K, 0% used [0x00000000e4b80000,0x00000000e4b80000,0x00000000e5600000)
 ParOldGen       total 87552K, used 9201K [0x00000000a0000000, 0x00000000a5580000, 0x00000000e0000000)
  object space 87552K, 10% used [0x00000000a0000000,0x00000000a08fc7c0,0x00000000a5580000)
 Metaspace       used 20758K, capacity 21258K, committed 21296K, reserved 1067008K
  class space    used 2904K, capacity 3091K, committed 3120K, reserved 1048576K
Event: 3.381 GC heap after
Heap after GC invocations=6 (full 0):
 PSYoungGen      total 76288K, used 6461K [0x00000000e0000000, 0x00000000e5500000, 0x0000000100000000)
  eden space 66560K, 0% used [0x00000000e0000000,0x00000000e0000000,0x00000000e4100000)
  from space 9728K, 66% used [0x00000000e4b80000,0x00000000e51cf6a0,0x00000000e5500000)
  to   space 10240K, 0% used [0x00000000e4100000,0x00000000e4100000,0x00000000e4b00000)
 ParOldGen       total 87552K, used 9209K [0x00000000a0000000, 0x00000000a5580000, 0x00000000e0000000)
  object space 87552K, 10% used [0x00000000a0000000,0x00000000a08fe7c0,0x00000000a5580000)
 Metaspace       used 20758K, capacity 21258K, committed 21296K, reserved 1067008K
  class space    used 2904K, capacity 3091K, committed 3120K, reserved 1048576K
}
Event: 3.381 GC heap before
{Heap before GC invocations=7 (full 1):
 PSYoungGen      total 76288K, used 6461K [0x00000000e0000000, 0x00000000e5500000, 0x0000000100000000)
  eden space 66560K, 0% used [0x00000000e0000000,0x00000000e0000000,0x00000000e4100000)
  from space 9728K, 66% used [0x00000000e4b80000,0x00000000e51cf6a0,0x00000000e5500000)
  to   space 10240K, 0% used [0x00000000e4100000,0x00000000e4100000,0x00000000e4b00000)
 ParOldGen       total 87552K, used 9209K [0x00000000a0000000, 0x00000000a5580000, 0x00000000e0000000)
  object space 87552K, 10% used [0x00000000a0000000,0x00000000a08fe7c0,0x00000000a5580000)
 Metaspace       used 20758K, capacity 21258K, committed 21296K, reserved 1067008K
  class space    used 2904K, capacity 3091K, committed 3120K, reserved 1048576K
Event: 3.425 GC heap after
Heap after GC invocations=7 (full 1):
 PSYoungGen      total 76288K, used 0K [0x00000000e0000000, 0x00000000e5500000, 0x0000000100000000)
  eden space 66560K, 0% used [0x00000000e0000000,0x00000000e0000000,0x00000000e4100000)
  from space 9728K, 0% used [0x00000000e4b80000,0x00000000e4b80000,0x00000000e5500000)
  to   space 10240K, 0% used [0x00000000e4100000,0x00000000e4100000,0x00000000e4b00000)
 ParOldGen       total 56320K, used 7830K [0x00000000a0000000, 0x00000000a3700000, 0x00000000e0000000)
  object space 56320K, 13% used [0x00000000a0000000,0x00000000a07a5898,0x00000000a3700000)
 Metaspace       used 20758K, capacity 21258K, committed 21296K, reserved 1067008K
  class space    used 2904K, capacity 3091K, committed 3120K, reserved 1048576K
}
Event: 5.025 GC heap before
{Heap before GC invocations=8 (full 1):
 PSYoungGen      total 76288K, used 66560K [0x00000000e0000000, 0x00000000e5500000, 0x0000000100000000)
  eden space 66560K, 100% used [0x00000000e0000000,0x00000000e4100000,0x00000000e4100000)
  from space 9728K, 0% used [0x00000000e4b80000,0x00000000e4b80000,0x00000000e5500000)
  to   space 10240K, 0% used [0x00000000e4100000,0x00000000e4100000,0x00000000e4b00000)
 ParOldGen       total 56320K, used 7830K [0x00000000a0000000, 0x00000000a3700000, 0x00000000e0000000)
  object space 56320K, 13% used [0x00000000a0000000,0x00000000a07a5898,0x00000000a3700000)
 Metaspace       used 28855K, capacity 29418K, committed 29744K, reserved 1075200K
  class space    used 3879K, capacity 4074K, committed 4144K, reserved 1048576K
Event: 5.038 GC heap after
Heap after GC invocations=8 (full 1):
 PSYoungGen      total 76800K, used 7907K [0x00000000e0000000, 0x00000000e8080000, 0x0000000100000000)
  eden space 66560K, 0% used [0x00000000e0000000,0x00000000e0000000,0x00000000e4100000)
  from space 10240K, 77% used [0x00000000e4100000,0x00000000e48b8fa8,0x00000000e4b00000)
  to   space 10240K, 0% used [0x00000000e7680000,0x00000000e7680000,0x00000000e8080000)
 ParOldGen       total 56320K, used 7838K [0x00000000a0000000, 0x00000000a3700000, 0x00000000e0000000)
  object space 56320K, 13% used [0x00000000a0000000,0x00000000a07a7898,0x00000000a3700000)
 Metaspace       used 28855K, capacity 29418K, committed 29744K, reserved 1075200K
  class space    used 3879K, capacity 4074K, committed 4144K, reserved 1048576K
}
Event: 6.915 GC heap before
{Heap before GC invocations=9 (full 1):
 PSYoungGen      total 76800K, used 74467K [0x00000000e0000000, 0x00000000e8080000, 0x0000000100000000)
  eden space 66560K, 100% used [0x00000000e0000000,0x00000000e4100000,0x00000000e4100000)
  from space 10240K, 77% used [0x00000000e4100000,0x00000000e48b8fa8,0x00000000e4b00000)
  to   space 10240K, 0% used [0x00000000e7680000,0x00000000e7680000,0x00000000e8080000)
 ParOldGen       total 56320K, used 7838K [0x00000000a0000000, 0x00000000a3700000, 0x00000000e0000000)
  object space 56320K, 13% used [0x00000000a0000000,0x00000000a07a7898,0x00000000a3700000)
 Metaspace       used 32225K, capacity 32768K, committed 32816K, reserved 1077248K
  class space    used 4438K, capacity 4654K, committed 4656K, reserved 1048576K
Event: 6.922 GC heap after
Heap after GC invocations=9 (full 1):
 PSYoungGen      total 116224K, used 8660K [0x00000000e0000000, 0x00000000e7f00000, 0x0000000100000000)
  eden space 107520K, 0% used [0x00000000e0000000,0x00000000e0000000,0x00000000e6900000)
  from space 8704K, 99% used [0x00000000e7680000,0x00000000e7ef50e0,0x00000000e7f00000)
  to   space 10752K, 0% used [0x00000000e6a00000,0x00000000e6a00000,0x00000000e7480000)
 ParOldGen       total 56320K, used 7846K [0x00000000a0000000, 0x00000000a3700000, 0x00000000e0000000)
  object space 56320K, 13% used [0x00000000a0000000,0x00000000a07a9898,0x00000000a3700000)
 Metaspace       used 32225K, capacity 32768K, committed 32816K, reserved 1077248K
  class space    used 4438K, capacity 4654K, committed 4656K, reserved 1048576K
}

